C51 COMPILER V9.60.0.0   MONITOR_BIT                                                       01/23/2022 13:41:28 PAGE 1   


C51 COMPILER V9.60.0.0, COMPILATION OF MODULE MONITOR_BIT
OBJECT MODULE PLACED IN .\Objects\monitor_bit.obj
COMPILER INVOKED BY: C:\Keil_v5\C51\BIN\C51.EXE monitor_bit.c OPTIMIZE(8,SPEED) BROWSE DEBUG OBJECTEXTEND PRINT(.\Listin
                    -gs\monitor_bit.lst) TABS(2) OBJECT(.\Objects\monitor_bit.obj)

line level    source

   1          #include<reg51.h>
   2          sbit p1_5 = P1^5;
   3          void main(void){
   4   1        while(1){
   5   2          if(p1_5 == 1){
   6   3            P0 = 0x55;
   7   3          }
   8   2          else{
   9   3            P2 = 0xAA;
  10   3          }
  11   2        }
  12   1      }


MODULE INFORMATION:   STATIC OVERLAYABLE
   CODE SIZE        =     13    ----
   CONSTANT SIZE    =   ----    ----
   XDATA SIZE       =   ----    ----
   PDATA SIZE       =   ----    ----
   DATA SIZE        =   ----    ----
   IDATA SIZE       =   ----    ----
   BIT SIZE         =   ----    ----
END OF MODULE INFORMATION.


C51 COMPILATION COMPLETE.  0 WARNING(S),  0 ERROR(S)
