C51 COMPILER V9.60.0.0   SENDINGNUMBERSTOPORT                                              01/23/2022 13:26:21 PAGE 1   


C51 COMPILER V9.60.0.0, COMPILATION OF MODULE SENDINGNUMBERSTOPORT
OBJECT MODULE PLACED IN .\Objects\sendingNumbersToPort.obj
COMPILER INVOKED BY: C:\Keil_v5\C51\BIN\C51.EXE sendingNumbersToPort.c OPTIMIZE(8,SPEED) BROWSE DEBUG OBJECTEXTEND PRINT
                    -(.\Listings\sendingNumbersToPort.lst) TABS(2) OBJECT(.\Objects\sendingNumbersToPort.obj)

line level    source

   1          #include<reg51.h>
   2          void main(){
   3   1        unsigned char z;
   4   1        for(z=0;z<=255;z++){
   5   2          P1=z;
   6   2        }
   7   1      }


MODULE INFORMATION:   STATIC OVERLAYABLE
   CODE SIZE        =     18    ----
   CONSTANT SIZE    =   ----    ----
   XDATA SIZE       =   ----    ----
   PDATA SIZE       =   ----    ----
   DATA SIZE        =   ----    ----
   IDATA SIZE       =   ----    ----
   BIT SIZE         =   ----    ----
END OF MODULE INFORMATION.


C51 COMPILATION COMPLETE.  0 WARNING(S),  0 ERROR(S)
