C51 COMPILER V9.60.0.0   DISPLAY_REG_NO                                                    02/06/2022 13:17:20 PAGE 1   


C51 COMPILER V9.60.0.0, COMPILATION OF MODULE DISPLAY_REG_NO
OBJECT MODULE PLACED IN .\Objects\Display_Reg_No.obj
COMPILER INVOKED BY: C:\Keil_v5\C51\BIN\C51.EXE Display_Reg_No.c OPTIMIZE(8,SPEED) BROWSE DEBUG OBJECTEXTEND PRINT(.\Lis
                    -tings\Display_Reg_No.lst) TABS(2) OBJECT(.\Objects\Display_Reg_No.obj)

line level    source

   1          #include<reg51.h>
   2          
   3            
   4          void delay(unsigned int time){
   5   1        unsigned int i, j;
   6   1        for(i=0;i<=time;i++)
   7   1        for(j=0;j<=1275;j++);
   8   1      }
   9          
  10          void main(){
  11   1        
  12   1        unsigned char myReg[8] = {0xF9,0xF9,0x90,0xC0,0x99,0x99,0x82,0xB0};
  13   1        unsigned int i;
  14   1        P2 = 0x00;
  15   1        for(i=0;i<=7;i++){
  16   2          P2 = myReg[i];
  17   2          delay(100);
  18   2          P2 = 0xFF;
  19   2          delay(50);
  20   2        }
  21   1      }


MODULE INFORMATION:   STATIC OVERLAYABLE
   CODE SIZE        =     92    ----
   CONSTANT SIZE    =      8    ----
   XDATA SIZE       =   ----    ----
   PDATA SIZE       =   ----    ----
   DATA SIZE        =   ----       8
   IDATA SIZE       =   ----    ----
   BIT SIZE         =   ----    ----
END OF MODULE INFORMATION.


C51 COMPILATION COMPLETE.  0 WARNING(S),  0 ERROR(S)
