C51 COMPILER V9.60.0.0   IR_SENSOR                                                         02/12/2022 09:50:46 PAGE 1   


C51 COMPILER V9.60.0.0, COMPILATION OF MODULE IR_SENSOR
OBJECT MODULE PLACED IN .\Objects\IR_Sensor.obj
COMPILER INVOKED BY: C:\Keil_v5\C51\BIN\C51.EXE IR_Sensor.c OPTIMIZE(8,SPEED) BROWSE DEBUG OBJECTEXTEND PRINT(.\Listings
                    -\IR_Sensor.lst) TABS(2) OBJECT(.\Objects\IR_Sensor.obj)

line level    source

   1          #include<reg51.h>
   2          sbit IR_IN = P2^0;
   3          sbit IR_OUT = P2^1;
   4          
   5          void delay(unsigned char time){
   6   1        unsigned int i, j;
   7   1        for(i=1;i<=time;j++)
   8   1        for(j=1;j<=1257;j++);
   9   1      }
  10          
  11          void main(){
  12   1        if(IR_IN == 1){
  13   2          IR_OUT = 1;
  14   2        }
  15   1        else{
  16   2          IR_OUT = 0;
  17   2        }
  18   1      }


MODULE INFORMATION:   STATIC OVERLAYABLE
   CODE SIZE        =     48    ----
   CONSTANT SIZE    =   ----    ----
   XDATA SIZE       =   ----    ----
   PDATA SIZE       =   ----    ----
   DATA SIZE        =   ----    ----
   IDATA SIZE       =   ----    ----
   BIT SIZE         =   ----    ----
END OF MODULE INFORMATION.


C51 COMPILATION COMPLETE.  0 WARNING(S),  0 ERROR(S)
