C51 COMPILER V9.60.0.0   GETTING_BYTE                                                      02/05/2022 19:20:53 PAGE 1   


C51 COMPILER V9.60.0.0, COMPILATION OF MODULE GETTING_BYTE
OBJECT MODULE PLACED IN .\Objects\Getting_Byte.obj
COMPILER INVOKED BY: C:\Keil_v5\C51\BIN\C51.EXE Getting_Byte.c OPTIMIZE(8,SPEED) BROWSE DEBUG OBJECTEXTEND PRINT(.\Listi
                    -ngs\Getting_Byte.lst) TABS(2) OBJECT(.\Objects\Getting_Byte.obj)

line level    source

   1          #include<reg51.h>
   2          
   3          void main(){
   4   1        P1 = 0xFF;
   5   1        P3 = 0x00;
   6   1        P2 = 0x00;
   7   1        while(1){
   8   2          if(P1 < 0x64){
   9   3            P3 = P1;
  10   3          }
  11   2          else{
  12   3            P2 = P1;
  13   3          }
  14   2        }
  15   1      }


MODULE INFORMATION:   STATIC OVERLAYABLE
   CODE SIZE        =     30    ----
   CONSTANT SIZE    =   ----    ----
   XDATA SIZE       =   ----    ----
   PDATA SIZE       =   ----    ----
   DATA SIZE        =   ----    ----
   IDATA SIZE       =   ----    ----
   BIT SIZE         =   ----    ----
END OF MODULE INFORMATION.


C51 COMPILATION COMPLETE.  0 WARNING(S),  0 ERROR(S)
