C51 COMPILER V9.60.0.0   BOR_BELL                                                          02/05/2022 19:55:50 PAGE 1   


C51 COMPILER V9.60.0.0, COMPILATION OF MODULE BOR_BELL
OBJECT MODULE PLACED IN .\Objects\bor_bell.obj
COMPILER INVOKED BY: C:\Keil_v5\C51\BIN\C51.EXE bor_bell.c OPTIMIZE(8,SPEED) BROWSE DEBUG OBJECTEXTEND PRINT(.\Listings\
                    -bor_bell.lst) TABS(2) OBJECT(.\Objects\bor_bell.obj)

line level    source

   1          #include<reg51.h>
   2          sbit a = P1^1;
   3          sbit b = P1^2; 
   4          sbit c = P1^3;
   5          sbit d = P1^4;
   6          
   7          
   8          void main(){
   9   1        P2 = 0xFF;
  10   1        P3 = 0x00;
  11   1        a = 1;
  12   1        b = 0;
  13   1        c = 0;
  14   1        d = 1;
  15   1        while(1){
  16   2        }
  17   1      }
  18          


MODULE INFORMATION:   STATIC OVERLAYABLE
   CODE SIZE        =     16    ----
   CONSTANT SIZE    =   ----    ----
   XDATA SIZE       =   ----    ----
   PDATA SIZE       =   ----    ----
   DATA SIZE        =   ----    ----
   IDATA SIZE       =   ----    ----
   BIT SIZE         =   ----    ----
END OF MODULE INFORMATION.


C51 COMPILATION COMPLETE.  0 WARNING(S),  0 ERROR(S)
